0000000000000000 T __code_start
0000000000000000 A __start__
0000000000000000 T _start
0000000000000000 b _TLS_MODULE_BASE_
0000000000000000 0000000000000004 b g_fsPriority
0000000000000004 0000000000000004 b fsdev_last_result
0000000000000008 0000000000000401 B __nx_dev_path_buf
0000000000000108 T __nx_exit
0000000000000118 T __nx_mod0
0000000000000140 T _init
0000000000000180 0000000000000304 T main
0000000000000490 t __do_global_dtors_aux
00000000000004e0 t frame_dummy
0000000000000510 0000000000000098 t procHandleReceiveThread
00000000000005b0 000000000000008c t readSetting.constprop.0.isra.0
0000000000000640 000000000000002c T __libnx_initheap
0000000000000670 00000000000000a4 T __appInit
0000000000000720 0000000000000010 T __wrap_exit
0000000000000730 00000000000004b8 T loadNro
0000000000000be8 T nroEntrypointTrampoline
0000000000000c10 T __libnx_exception_entry
0000000000000c20 t __libnx_exception_entry_fail
0000000000000c30 00000000000003d4 T randomGet
0000000000001010 0000000000000020 T randomGet64
0000000000001030 00000000000000ac T __libnx_init_thread
00000000000010e0 0000000000000280 T threadCreate
0000000000001360 00000000000000a0 T threadExit
0000000000001400 0000000000000090 t _EntryWrap
0000000000001490 0000000000000008 T threadStart
00000000000014a0 000000000000002c T threadWaitForExit
00000000000014d0 0000000000000098 T threadClose
0000000000001570 0000000000000068 t _pmshellCleanup
00000000000015e0 00000000000000a0 T pmshellInitialize
0000000000001680 0000000000000044 T pmshellExit
00000000000016d0 00000000000000e8 T pmshellGetApplicationProcessIdForShell
00000000000017c0 00000000000000b4 t _nsCleanup
0000000000001880 00000000000000f4 t _nsGetSession.isra.0
0000000000001980 0000000000000290 T nsInitialize
0000000000001c10 0000000000000044 T nsExit
0000000000001c60 0000000000000058 T nsGetReadOnlyApplicationControlDataInterface
0000000000001cc0 0000000000000054 T nsGetApplicationManagerInterface
0000000000001d20 0000000000000218 T nsGetApplicationControlData
0000000000001f40 00000000000000d4 t _setsysGetFirmwareVersionImpl
0000000000002020 0000000000000068 t _setsysCleanup
0000000000002090 00000000000000a0 T setsysInitialize
0000000000002130 0000000000000044 T setsysExit
0000000000002180 0000000000000044 T setsysGetFirmwareVersion
00000000000021d0 0000000000000150 T setsysGetSettingsItemValueSize
0000000000002320 000000000000017c T setsysGetSettingsItemValue
00000000000024a0 00000000000001b8 t _fatalCmd
0000000000002660 000000000000000c T fatalThrowWithPolicy
0000000000002670 0000000000000014 T fatalThrow
0000000000002690 00000000000000b4 t _fsCleanup
0000000000002750 00000000000001b0 t _fsCmdNoIO
0000000000002900 00000000000001d4 t _fsFsCmdWithInPath
0000000000002ae0 00000000000001fc t _fsFsCmdWithTwoInPaths
0000000000002ce0 000000000000023c t _fsFsOpenCommon
0000000000002f20 00000000000001f0 t _fsFsCmdWithInPathAndOutU64
0000000000003110 00000000000000f4 t _fsObjectClose
0000000000003210 000000000000017c t _fsCmdGetSession.constprop.0
0000000000003390 0000000000000318 T fsInitialize
00000000000036b0 0000000000000008 T fsOpenSdCardFileSystem
00000000000036c0 00000000000001e4 T fsFsCreateFile
00000000000038b0 0000000000000008 T fsFsDeleteFile
00000000000038c0 0000000000000008 T fsFsCreateDirectory
00000000000038d0 0000000000000008 T fsFsDeleteDirectory
00000000000038e0 0000000000000008 T fsFsRenameFile
00000000000038f0 0000000000000008 T fsFsRenameDirectory
0000000000003900 00000000000001ec T fsFsGetEntryType
0000000000003af0 0000000000000008 T fsFsOpenFile
0000000000003b00 0000000000000008 T fsFsOpenDirectory
0000000000003b10 0000000000000008 T fsFsGetFreeSpace
0000000000003b20 0000000000000008 T fsFsGetTotalSpace
0000000000003b30 0000000000000230 T fsFsGetFileTimeStampRaw
0000000000003d60 0000000000000004 T fsFsClose
0000000000003d70 0000000000000210 T fsFileRead
0000000000003f80 0000000000000200 T fsFileWrite
0000000000004180 0000000000000008 T fsFileFlush
0000000000004190 00000000000001b4 T fsFileSetSize
0000000000004190 00000000000001b4 t fsFileSetSize.localalias
0000000000004350 00000000000001c4 T fsFileGetSize
0000000000004350 00000000000001c4 t fsFileGetSize.localalias
0000000000004520 0000000000000004 T fsFileClose
0000000000004530 0000000000000004 T fsDirClose
0000000000004540 0000000000000204 T fsDirRead
0000000000004750 00000000000000d0 t _smCmifCmdInPid
0000000000004820 0000000000000068 t _smCleanup
0000000000004890 0000000000000048 T smAddOverrideHandle
00000000000048e0 0000000000000054 T smGetServiceOverride
0000000000004940 00000000000001c0 T smInitialize
0000000000004b00 0000000000000044 T smExit
0000000000004b50 00000000000000d0 T smGetServiceOriginal
0000000000004c20 0000000000000120 T smGetServiceWrapper
0000000000004d40 0000000000000014 T hosversionGet
0000000000004d60 0000000000000010 T hosversionSet
0000000000004d70 000000000000024c T envSetup
0000000000004fc0 0000000000000020 T envGetMainThreadHandle
0000000000004fe0 000000000000000c T envIsNso
0000000000004ff0 0000000000000014 T envHasArgv
0000000000005010 000000000000000c T envGetArgv
0000000000005020 000000000000000c T envHasRandomSeed
0000000000005030 0000000000000018 T envGetRandomSeed
0000000000005050 0000000000000004 W __libnx_alloc
0000000000005060 0000000000000014 W __libnx_aligned_alloc
0000000000005080 0000000000000004 W __libnx_free
0000000000005090 000000000000001c W diagAbortWithResult
00000000000050b0 0000000000000014 t fsdev_link
00000000000050d0 0000000000000014 t fsdev_dirreset
00000000000050f0 0000000000000014 t fsdev_chmod
0000000000005110 0000000000000018 t error_cmp
0000000000005130 0000000000000020 t fsdev_dirclose
0000000000005150 000000000000001c t fsdev_close
0000000000005170 0000000000000080 t fsdev_converttimetoutc
00000000000051f0 00000000000000b8 t fsdevFindDevice.part.0
00000000000052b0 00000000000001e0 t fsdev_fixpath
0000000000005490 00000000000000a0 t _fsdevUnmountDeviceStruct.part.0
0000000000005530 0000000000000014 t fsdev_fchmod
0000000000005550 0000000000000108 t fsdev_diropen
0000000000005660 000000000000007c t fsdev_fsync
00000000000056e0 0000000000000108 t fsdev_fstat
00000000000057f0 0000000000000094 t fsdev_ftruncate
0000000000005890 00000000000001f8 t fsdev_stat
0000000000005a90 0000000000000154 t fsdev_rename
0000000000005bf0 0000000000000148 t fsdev_chdir
0000000000005d40 00000000000000ac t fsdev_mkdir
0000000000005df0 00000000000000ac t fsdev_unlink
0000000000005ea0 00000000000000ac t fsdev_rmdir
0000000000005f50 0000000000000104 t fsdev_statvfs
0000000000006060 000000000000013c t fsdev_write_safe
00000000000061a0 000000000000013c t fsdev_read_safe
00000000000062e0 0000000000000104 t fsdev_read
00000000000063f0 00000000000001d4 t fsdev_dirnext
00000000000065d0 0000000000000124 t fsdev_write
0000000000006700 00000000000000e4 t fsdev_seek
00000000000067f0 0000000000000238 t fsdev_open
0000000000006a30 000000000000026c T fsdevMountDevice
0000000000006ca0 0000000000000048 T fsdevMountSdmc
0000000000006cf0 0000000000000064 T fsdevUnmountAll
0000000000006d60 000000000000012c T decode_utf8
0000000000006e8c T svcSetHeapSize
0000000000006ea0 T svcMapMemory
0000000000006ea8 T svcUnmapMemory
0000000000006eb0 T svcQueryMemory
0000000000006ec4 T svcExitProcess
0000000000006ecc T svcCreateThread
0000000000006ee0 T svcStartThread
0000000000006ee8 T svcExitThread
0000000000006ef0 T svcSleepThread
0000000000006ef8 T svcCloseHandle
0000000000006f00 T svcWaitSynchronization
0000000000006f14 T svcArbitrateLock
0000000000006f1c T svcArbitrateUnlock
0000000000006f24 T svcWaitProcessWideKeyAtomic
0000000000006f2c T svcSignalProcessWideKey
0000000000006f34 T svcConnectToNamedPort
0000000000006f48 T svcSendSyncRequest
0000000000006f50 T svcGetProcessId
0000000000006f64 T svcBreak
0000000000006f6c T svcReturnFromException
0000000000006f74 T svcGetInfo
0000000000006f88 T svcCreateSession
0000000000006fa0 T svcReplyAndReceive
0000000000006fb4 T svcSetProcessMemoryPermission
0000000000006fbc T svcMapProcessCodeMemory
0000000000006fc4 T svcUnmapProcessCodeMemory
0000000000006fcc T __aarch64_read_tp
0000000000006fe0 00000000000000f8 T waitHandles
00000000000070e0 0000000000000080 T mutexLock
0000000000007160 0000000000000068 T mutexUnlock
00000000000071d0 000000000000001c T mutexIsLockedByCurrentThread
00000000000071f0 000000000000004c T rmutexLock
0000000000007240 000000000000001c T rmutexUnlock
0000000000007260 0000000000000064 t _memregionInitWithInfo
00000000000072d0 0000000000000004 W __libnx_virtmem_rng
00000000000072e0 0000000000000178 t _memregionFindRandom
0000000000007460 0000000000000120 T virtmemSetup
0000000000007580 000000000000000c T virtmemLock
0000000000007590 000000000000000c T virtmemUnlock
00000000000075a0 0000000000000054 T virtmemFindStack
0000000000007600 0000000000000180 T sessionmgrCreate
0000000000007780 0000000000000084 T sessionmgrClose
0000000000007810 00000000000000b4 T sessionmgrAttachClient
00000000000078d0 0000000000000070 T sessionmgrDetachClient
0000000000007940 0000000000000104 T timeToPosixTimeWithMyRule
0000000000007a50 00000000000000a0 T __nx_dynamic
0000000000007af0 000000000000002c W __libnx_init
0000000000007b20 0000000000000034 T __syscall_getreent
0000000000007b60 0000000000000004 T __syscall_lock_acquire
0000000000007b70 0000000000000004 T __syscall_lock_release
0000000000007b80 0000000000000004 T __syscall_lock_acquire_recursive
0000000000007b90 0000000000000004 T __syscall_lock_release_recursive
0000000000007ba0 0000000000000084 T newlibSetup
0000000000007c30 0000000000000320 W argvSetup
0000000000007f50 0000000000000064 T condvarWaitTimeout
0000000000007fc0 00000000000000c4 T nxlinkSetup
0000000000008090 000000000000002c T aligned_alloc
00000000000080c0 00000000000000b8 T bsearch
0000000000008180 0000000000000014 T __errno
00000000000081a0 000000000000002c T gmtime
00000000000081d0 000000000000029c T gmtime_r
0000000000008470 000000000000008c T __libc_init_array
0000000000008500 000000000000017c T _memalign_r
0000000000008680 0000000000000024 T malloc
00000000000086b0 0000000000000024 T free
00000000000086e0 000000000000086c T _malloc_r
0000000000008f80 000000000000016c T memcpy
0000000000009100 00000000000001dc T memset
00000000000092e0 000000000000000c T __malloc_lock
00000000000092f0 000000000000000c T __malloc_unlock
00000000000092fc 00000000000000dc T strchr
0000000000009400 00000000000000e4 T strcmp
0000000000009500 0000000000000140 T strlen
0000000000009640 000000000000007c T strncat
00000000000096dc 00000000000001b8 T strncmp
00000000000098a0 000000000000009c T strncpy
0000000000009964 00000000000000e0 T strnlen
0000000000009a20 000000000000019c t _strtoul_l.constprop.0
0000000000009bc0 0000000000000048 T strtoul
0000000000009c10 0000000000000024 T close
0000000000009c40 0000000000000088 T open
0000000000009cd0 0000000000000040 T read
0000000000009d10 0000000000000118 T _malloc_trim_r
0000000000009e30 00000000000002f0 T _free_r
000000000000a120 0000000000000008 t null_write
000000000000a130 0000000000000018 T setDefaultDevice
000000000000a150 0000000000000108 T FindDevice
000000000000a260 0000000000000034 T RemoveDevice
000000000000a2a0 00000000000000dc T AddDevice
000000000000a380 0000000000000034 T GetDeviceOpTab
000000000000a3c0 00000000000000a8 T _close_r
000000000000a470 00000000000000e0 T _open_r
000000000000a550 00000000000000a4 T _read_r
000000000000a600 0000000000000078 T _sbrk_r
000000000000a680 0000000000000014 T __libc_lock_acquire
000000000000a6a0 0000000000000014 T __libc_lock_release
000000000000a6c0 0000000000000014 T __libc_lock_acquire_recursive
000000000000a6e0 0000000000000014 T __libc_lock_release_recursive
000000000000a700 0000000000000040 T __free_handle
000000000000a740 0000000000000058 T __release_handle
000000000000a7a0 00000000000000c0 T __alloc_handle
000000000000a860 0000000000000020 T __get_handle
000000000000a880 0000000000000020 T __getreent
000000000000a8a0 T _fini
000000000000b000 R __rodata_start
000000000000b080 0000000000000055 R g_noticeText
000000000000b138 0000000000000020 r error_table
000000000000b168 0000000000000101 R _ctype_
000000000000b270 r __EH_FRAME_BEGIN__
000000000000b270 R __eh_frame_hdr_end
000000000000b270 R __eh_frame_hdr_start
000000000000d71c r __FRAME_END__
000000000000d720 a _DYNAMIC
0000000000010000 R __data_start
0000000000010000 t __frame_dummy_init_array_entry
0000000000010000 T __init_array_start
0000000000010000 B __preinit_array_end
0000000000010000 B __preinit_array_start
0000000000010000 D __tdata_lma
0000000000010000 D __tdata_lma_end
0000000000010008 t __do_global_dtors_aux_fini_array_entry
0000000000010008 T __fini_array_start
0000000000010008 T __init_array_end
0000000000010010 T __fini_array_end
0000000000010010 T __got_start__
0000000000010010 a _GLOBAL_OFFSET_TABLE_
0000000000010168 D __got_end__
0000000000010168 0000000000000004 D __nx_fsdev_direntry_cache_size
000000000001016c 0000000000000004 D __nx_fs_num_sessions
0000000000010170 0000000000000120 d entries.0
0000000000010290 0000000000000030 d servarray.0
00000000000102c0 00000000000000e0 d fsdev_devoptab
00000000000103a0 0000000000000004 V __nx_applet_type
00000000000103a8 0000000000000008 D _impure_ptr
00000000000103b0 0000000000000768 d impure_data
0000000000010b18 0000000000000008 D __malloc_sbrk_base
0000000000010b20 0000000000000008 D __malloc_trim_threshold
0000000000010b28 0000000000000810 D __malloc_av_
0000000000011338 0000000000000004 d defaultDevice
0000000000011340 0000000000000080 D devoptab_list
00000000000113c0 00000000000000e0 D dotab_stdnull
00000000000114a0 0000000000000010 d __stderr_handle
00000000000114b0 0000000000000010 d __stdin_handle
00000000000114c0 0000000000000010 d __stdout_handle
00000000000114d0 0000000000002000 d handles
00000000000134d0 D __bss_start__
00000000000134d0 b completed.1
00000000000134d8 b object.0
0000000000013510 0000000000000004 b g_procHandle
0000000000013518 0000000000000008 b g_appletHeapSize
0000000000013520 0000000000000008 b g_appletHeapReservationSize
0000000000013528 0000000000000001 b g_smCloseWorkaround
0000000000013530 0000000000000100 b g_savedTls
0000000000013630 0000000000000008 b g_heapAddr
0000000000013638 0000000000000008 b g_nroSize
0000000000013640 0000000000000070 b g_nroHeader
00000000000136b0 0000000000000008 B g_nroAddr
00000000000136b8 0000000000000200 b g_nextNroPath
00000000000138b8 0000000000000800 b g_nextArgv
00000000000140b8 0000000000000800 b g_argv
00000000000148b8 0000000000000008 b g_heapSize
00000000000148c0 0000000000000001 b g_isApplication
00000000000148c4 0000000000000004 B g_lastRet
00000000000148c8 0000000000000001 b g_isAutomaticGameplayRecording
00000000000148d0 0000000000004000 b g_innerheap.1
00000000000188d0 0000000000000001 B __nx_fsdev_support_cwd
00000000000188e0 0000000000000010 b g_userIdStorage
00000000000188f0 0000000000024000 b g_applicationControlData
000000000003c8f0 0000000000000040 b g_chacha
000000000003c930 0000000000000001 b g_randInit
000000000003c934 0000000000000004 b g_randMutex
000000000003c938 0000000000000038 b g_mainThread
000000000003c970 0000000000000008 b g_threadList
000000000003c978 0000000000000004 b g_threadMutex
000000000003c980 00000000000000d8 b g_tlsDestructors
000000000003ca58 0000000000000008 b g_tlsUsageMask
000000000003ca60 0000000000000008 b g_pmshellGuard
000000000003ca68 0000000000000010 b g_pmshellSrv
000000000003ca78 0000000000000010 b g_nsAppManSrv
000000000003ca88 0000000000000010 b g_nsGetterSrv
000000000003ca98 0000000000000008 b g_nsGuard
000000000003caa0 0000000000000008 b g_setsysGuard
000000000003caa8 0000000000000010 b g_setsysSrv
000000000003cab8 0000000000000008 b g_fsGuard
000000000003cac0 0000000000000054 b g_fsSessionMgr
000000000003cb18 0000000000000010 b g_fsSrv
000000000003cb28 0000000000000008 b g_smGuard
000000000003cb30 0000000000000180 b g_smOverrides
000000000003ccb0 0000000000000008 b g_smOverridesNum
000000000003ccb8 0000000000000010 b g_smSrv
000000000003ccc8 0000000000000004 b g_hosVersion
000000000003cccc 0000000000000001 b g_hasRandomSeed
000000000003cccd 0000000000000001 b g_isNso
000000000003ccd0 0000000000000004 b g_lastLoadResult
000000000003ccd8 0000000000000008 b g_loaderInfo
000000000003cce0 0000000000000008 b g_loaderInfoSize
000000000003cce8 0000000000000008 b g_loaderRetAddr
000000000003ccf0 0000000000000004 b g_mainThreadHandle
000000000003ccf8 0000000000000008 b g_nextLoadArgv
000000000003cd00 0000000000000008 b g_nextLoadPath
000000000003cd08 0000000000000008 b g_overrideArgv
000000000003cd10 0000000000000008 b g_overrideHeapAddr
000000000003cd18 0000000000000008 b g_overrideHeapSize
000000000003cd20 0000000000000004 b g_processHandle
000000000003cd28 0000000000000010 b g_randomSeed
000000000003cd38 0000000000000010 b g_syscallHints
000000000003cd48 0000000000000008 b g_userIdStorage
000000000003cd50 0000000000000004 b fsdev_fsdevice_cwd
000000000003cd58 0000000000002400 b fsdev_fsdevices
000000000003f158 0000000000000001 b fsdev_initialised
000000000003f160 B __stack_top
000000000003f168 0000000000000010 b g_AliasRegion
000000000003f178 0000000000000010 b g_AslrRegion
000000000003f188 0000000000000010 b g_HeapRegion
000000000003f198 0000000000000001 b g_IsLegacyKernel
000000000003f1a0 0000000000000008 b g_Reservations
000000000003f1a8 0000000000000010 b g_StackRegion
000000000003f1b8 0000000000000004 b g_VirtmemMutex
000000000003f1c0 0000000000000010 b g_timeTimeZoneService
000000000003f1d0 0000000000000004 B __system_argc
000000000003f1d8 0000000000000008 B __system_argv
000000000003f1e0 0000000000000008 b g_argv_empty
000000000003f1e8 0000000000000004 B __nxlink_host
000000000003f1f0 0000000000000028 B __malloc_current_mallinfo
000000000003f218 0000000000000008 B __malloc_max_sbrked_mem
000000000003f220 0000000000000008 B __malloc_max_total_mem
000000000003f228 0000000000000008 B __malloc_top_pad
000000000003f230 000000000000000c b __malloc_recursive_mutex
000000000003f240 0000000000000008 b heap_start.0
000000000003f248 0000000000000008 B fake_heap_end
000000000003f250 0000000000000008 B fake_heap_start
000000000003f258 0000000000000004 b __hndl_lock
000000000003f260 B __tls_start
000000000003f670 B __bss_end__
000000000003f670 A __end__
000000000003f670 B __tls_end
0000000000040000 A __argdata__
